#! c:/iverilog-x86/bin/vvp
:ivl_version "10.0 (stable)" "(v10_0)";
:ivl_delay_selection "TYPICAL";
:vpi_time_precision + 0;
:vpi_module "system";
:vpi_module "vhdl_sys";
:vpi_module "v2005_math";
:vpi_module "va_math";
S_01023be8 .scope module, "fadder_1bit_df" "fadder_1bit_df" 2 14;
 .timescale 0 0;
    .port_info 0 /OUTPUT 1 "S"
    .port_info 1 /OUTPUT 1 "Cout"
    .port_info 2 /INPUT 1 "A"
    .port_info 3 /INPUT 1 "B"
    .port_info 4 /INPUT 1 "Cin"
o01023fec .functor BUFZ 1, C4<z>; HiZ drive
o01024004 .functor BUFZ 1, C4<z>; HiZ drive
L_010146e0 .functor XOR 1, o01023fec, o01024004, C4<0>, C4<0>;
o0102401c .functor BUFZ 1, C4<z>; HiZ drive
L_010149f8 .functor XOR 1, L_010146e0, o0102401c, C4<0>, C4<0>;
L_0104ffd8 .functor AND 1, o01023fec, o01024004, C4<1>, C4<1>;
L_010500b0 .functor XOR 1, o01023fec, o01024004, C4<0>, C4<0>;
L_010502a8 .functor AND 1, o0102401c, L_010500b0, C4<1>, C4<1>;
L_0104ff48 .functor OR 1, L_0104ffd8, L_010502a8, C4<0>, C4<0>;
v01014258_0 .net "A", 0 0, o01023fec;  0 drivers
v01014308_0 .net "B", 0 0, o01024004;  0 drivers
v01014468_0 .net "Cin", 0 0, o0102401c;  0 drivers
v01014518_0 .net "Cout", 0 0, L_0104ff48;  1 drivers
v01014360_0 .net "S", 0 0, L_010149f8;  1 drivers
v01014570_0 .net *"_s0", 0 0, L_010146e0;  1 drivers
v01013e90_0 .net *"_s4", 0 0, L_0104ffd8;  1 drivers
v010140f8_0 .net *"_s6", 0 0, L_010500b0;  1 drivers
v01013f40_0 .net *"_s8", 0 0, L_010502a8;  1 drivers
S_01023cb8 .scope module, "fadder_1bit_gate" "fadder_1bit_gate" 2 1;
 .timescale 0 0;
    .port_info 0 /OUTPUT 1 "S"
    .port_info 1 /OUTPUT 1 "Cout"
    .port_info 2 /INPUT 1 "A"
    .port_info 3 /INPUT 1 "B"
    .port_info 4 /INPUT 1 "Cin"
o0102413c .functor BUFZ 1, C4<z>; HiZ drive
o01024154 .functor BUFZ 1, C4<z>; HiZ drive
o0102416c .functor BUFZ 1, C4<z>; HiZ drive
L_010500f8 .functor XOR 1, o0102413c, o01024154, o0102416c, C4<0>;
L_01050020 .functor XOR 1, o0102413c, o01024154, C4<0>, C4<0>;
L_0104ff90 .functor AND 1, L_01050020, o0102416c, C4<1>, C4<1>;
L_01050218 .functor AND 1, o0102413c, o01024154, C4<1>, C4<1>;
L_010502f0 .functor OR 1, L_01050218, L_0104ff90, C4<0>, C4<0>;
v01013f98_0 .net "A", 0 0, o0102413c;  0 drivers
v010141a8_0 .net "B", 0 0, o01024154;  0 drivers
v0104ee80_0 .net "Cin", 0 0, o0102416c;  0 drivers
v0104ec70_0 .net "Cout", 0 0, L_010502f0;  1 drivers
v0104eed8_0 .net "S", 0 0, L_010500f8;  1 drivers
v0104f038_0 .net "ab", 0 0, L_01050218;  1 drivers
v0104f090_0 .net "cab", 0 0, L_0104ff90;  1 drivers
v0104ed20_0 .net "xab", 0 0, L_01050020;  1 drivers
S_01103a08 .scope module, "fadder_4bit_beh" "fadder_4bit_beh" 2 57;
 .timescale 0 0;
    .port_info 0 /OUTPUT 4 "S"
    .port_info 1 /OUTPUT 1 "Cout"
    .port_info 2 /OUTPUT 1 "V"
    .port_info 3 /INPUT 4 "A"
    .port_info 4 /INPUT 4 "B"
    .port_info 5 /INPUT 1 "Cin"
o010245ec .functor BUFZ 4, C4<zzzz>; HiZ drive
v0104f458_0 .net "A", 0 3, o010245ec;  0 drivers
o01024604 .functor BUFZ 4, C4<zzzz>; HiZ drive
v0104f4b0_0 .net "B", 0 3, o01024604;  0 drivers
o010242a4 .functor BUFZ 1, C4<z>; HiZ drive
v0104f508_0 .net "Cin", 0 0, o010242a4;  0 drivers
v0104f560_0 .net "Cout", 0 0, v0104f400_0;  1 drivers
v0104f5b8_0 .net "S", 0 3, L_0104f878;  1 drivers
v0104f6c0_0 .var "V", 0 0;
v0104f928_0 .net "c1", 0 0, v0104f2f8_0;  1 drivers
v0104f8d0_0 .net "c2", 0 0, v0104f718_0;  1 drivers
v0104fa30_0 .net "c3", 0 0, v0104f668_0;  1 drivers
E_011080b8 .event edge, v0104f400_0, v0104f668_0;
L_0104f820 .part o010245ec, 0, 1;
L_0104fbe8 .part o01024604, 0, 1;
L_0104f9d8 .part o010245ec, 1, 1;
L_0104f980 .part o01024604, 1, 1;
L_0104fa88 .part o010245ec, 2, 1;
L_0104fae0 .part o01024604, 2, 1;
L_0104f878 .concat8 [ 1 1 1 1], v0104ecc8_0, v0104ed78_0, v0104f0e8_0, v0104f2a0_0;
L_0104fb90 .part o010245ec, 3, 1;
L_0104fb38 .part o01024604, 3, 1;
S_01103ad8 .scope module, "f1" "fadder_1bit_beh" 2 66, 2 26 0, S_01103a08;
 .timescale 0 0;
    .port_info 0 /OUTPUT 1 "S"
    .port_info 1 /OUTPUT 1 "Cout"
    .port_info 2 /INPUT 1 "A"
    .port_info 3 /INPUT 1 "B"
    .port_info 4 /INPUT 1 "Cin"
v0104ef30_0 .net "A", 0 0, L_0104f820;  1 drivers
v0104ef88_0 .net "B", 0 0, L_0104fbe8;  1 drivers
v0104efe0_0 .net "Cin", 0 0, o010242a4;  alias, 0 drivers
v0104f2f8_0 .var "Cout", 0 0;
v0104ecc8_0 .var "S", 0 0;
E_01107de8 .event edge, v0104efe0_0, v0104ef88_0, v0104ef30_0;
S_01105148 .scope module, "f2" "fadder_1bit_beh" 2 67, 2 26 0, S_01103a08;
 .timescale 0 0;
    .port_info 0 /OUTPUT 1 "S"
    .port_info 1 /OUTPUT 1 "Cout"
    .port_info 2 /INPUT 1 "A"
    .port_info 3 /INPUT 1 "B"
    .port_info 4 /INPUT 1 "Cin"
v0104f1f0_0 .net "A", 0 0, L_0104f9d8;  1 drivers
v0104f610_0 .net "B", 0 0, L_0104f980;  1 drivers
v0104f248_0 .net "Cin", 0 0, v0104f2f8_0;  alias, 1 drivers
v0104f718_0 .var "Cout", 0 0;
v0104ed78_0 .var "S", 0 0;
E_011084a0 .event edge, v0104f2f8_0, v0104f610_0, v0104f1f0_0;
S_01105218 .scope module, "f3" "fadder_1bit_beh" 2 68, 2 26 0, S_01103a08;
 .timescale 0 0;
    .port_info 0 /OUTPUT 1 "S"
    .port_info 1 /OUTPUT 1 "Cout"
    .port_info 2 /INPUT 1 "A"
    .port_info 3 /INPUT 1 "B"
    .port_info 4 /INPUT 1 "Cin"
v0104edd0_0 .net "A", 0 0, L_0104fa88;  1 drivers
v0104f350_0 .net "B", 0 0, L_0104fae0;  1 drivers
v0104ee28_0 .net "Cin", 0 0, v0104f718_0;  alias, 1 drivers
v0104f668_0 .var "Cout", 0 0;
v0104f0e8_0 .var "S", 0 0;
E_01108310 .event edge, v0104f718_0, v0104f350_0, v0104edd0_0;
S_01105708 .scope module, "f4" "fadder_1bit_beh" 2 69, 2 26 0, S_01103a08;
 .timescale 0 0;
    .port_info 0 /OUTPUT 1 "S"
    .port_info 1 /OUTPUT 1 "Cout"
    .port_info 2 /INPUT 1 "A"
    .port_info 3 /INPUT 1 "B"
    .port_info 4 /INPUT 1 "Cin"
v0104f140_0 .net "A", 0 0, L_0104fb90;  1 drivers
v0104f3a8_0 .net "B", 0 0, L_0104fb38;  1 drivers
v0104f198_0 .net "Cin", 0 0, v0104f668_0;  alias, 1 drivers
v0104f400_0 .var "Cout", 0 0;
v0104f2a0_0 .var "S", 0 0;
E_011083d8 .event edge, v0104f668_0, v0104f3a8_0, v0104f140_0;
    .scope S_01103ad8;
T_0 ;
    %wait E_01107de8;
    %load/vec4 v0104ef30_0;
    %pad/u 2;
    %load/vec4 v0104ef88_0;
    %pad/u 2;
    %add;
    %load/vec4 v0104efe0_0;
    %pad/u 2;
    %add;
    %split/vec4 1;
    %store/vec4 v0104ecc8_0, 0, 1;
    %store/vec4 v0104f2f8_0, 0, 1;
    %jmp T_0;
    .thread T_0, $push;
    .scope S_01105148;
T_1 ;
    %wait E_011084a0;
    %load/vec4 v0104f1f0_0;
    %pad/u 2;
    %load/vec4 v0104f610_0;
    %pad/u 2;
    %add;
    %load/vec4 v0104f248_0;
    %pad/u 2;
    %add;
    %split/vec4 1;
    %store/vec4 v0104ed78_0, 0, 1;
    %store/vec4 v0104f718_0, 0, 1;
    %jmp T_1;
    .thread T_1, $push;
    .scope S_01105218;
T_2 ;
    %wait E_01108310;
    %load/vec4 v0104edd0_0;
    %pad/u 2;
    %load/vec4 v0104f350_0;
    %pad/u 2;
    %add;
    %load/vec4 v0104ee28_0;
    %pad/u 2;
    %add;
    %split/vec4 1;
    %store/vec4 v0104f0e8_0, 0, 1;
    %store/vec4 v0104f668_0, 0, 1;
    %jmp T_2;
    .thread T_2, $push;
    .scope S_01105708;
T_3 ;
    %wait E_011083d8;
    %load/vec4 v0104f140_0;
    %pad/u 2;
    %load/vec4 v0104f3a8_0;
    %pad/u 2;
    %add;
    %load/vec4 v0104f198_0;
    %pad/u 2;
    %add;
    %split/vec4 1;
    %store/vec4 v0104f2a0_0, 0, 1;
    %store/vec4 v0104f400_0, 0, 1;
    %jmp T_3;
    .thread T_3, $push;
    .scope S_01103a08;
T_4 ;
    %wait E_011080b8;
    %load/vec4 v0104fa30_0;
    %load/vec4 v0104f560_0;
    %xor;
    %flag_set/vec4 8;
    %jmp/0xz  T_4.0, 8;
    %pushi/vec4 1, 0, 1;
    %store/vec4 v0104f6c0_0, 0, 1;
    %jmp T_4.1;
T_4.0 ;
    %pushi/vec4 0, 0, 1;
    %store/vec4 v0104f6c0_0, 0, 1;
T_4.1 ;
    %jmp T_4;
    .thread T_4, $push;
# The file index is used to find the file name in the following table.
:file_names 3;
    "N/A";
    "<interactive>";
    "fadder1.v";
