#! c:/iverilog-x86/bin/vvp
:ivl_version "10.0 (stable)" "(v10_0)";
:ivl_delay_selection "TYPICAL";
:vpi_time_precision + 0;
:vpi_module "system";
:vpi_module "vhdl_sys";
:vpi_module "v2005_math";
:vpi_module "va_math";
S_01114558 .scope module, "d_ff" "d_ff" 2 1;
 .timescale 0 0;
    .port_info 0 /OUTPUT 1 "q"
    .port_info 1 /INPUT 1 "d"
    .port_info 2 /INPUT 1 "clk"
    .port_info 3 /INPUT 1 "reset"
o01011c74 .functor BUFZ 1, C4<z>; HiZ drive
v01114628_0 .net "clk", 0 0, o01011c74;  0 drivers
o01011c8c .functor BUFZ 1, C4<z>; HiZ drive
v01113ad8_0 .net "d", 0 0, o01011c8c;  0 drivers
v01113b30_0 .var "q", 0 0;
o01011cbc .functor BUFZ 1, C4<z>; HiZ drive
v01113b88_0 .net "reset", 0 0, o01011cbc;  0 drivers
E_01114f60 .event posedge, v01114628_0;
S_01113a08 .scope module, "reg_32bit" "reg_32bit" 2 13;
 .timescale 0 0;
    .port_info 0 /OUTPUT 32 "q"
    .port_info 1 /INPUT 32 "d"
    .port_info 2 /INPUT 1 "clk"
    .port_info 3 /INPUT 1 "reset"
o01011d34 .functor BUFZ 1, C4<z>; HiZ drive
v0111e108_0 .net "clk", 0 0, o01011d34;  0 drivers
o01011d4c .functor BUFZ 32, C4<zzzzzzzzzzzzzzzzzzzzzzzzzzzzzzzz>; HiZ drive
v0111e160_0 .net "d", 31 0, o01011d4c;  0 drivers
v0111e1b8_0 .var "q", 31 0;
o01011d7c .functor BUFZ 1, C4<z>; HiZ drive
v0111e210_0 .net "reset", 0 0, o01011d7c;  0 drivers
E_01115140 .event posedge, v0111e108_0;
    .scope S_01114558;
T_0 ;
    %wait E_01114f60;
    %load/vec4 v01113b88_0;
    %nor/r;
    %flag_set/vec4 8;
    %jmp/0xz  T_0.0, 8;
    %pushi/vec4 0, 0, 1;
    %assign/vec4 v01113b30_0, 0;
    %jmp T_0.1;
T_0.0 ;
    %load/vec4 v01113ad8_0;
    %assign/vec4 v01113b30_0, 0;
T_0.1 ;
    %jmp T_0;
    .thread T_0;
    .scope S_01113a08;
T_1 ;
    %wait E_01115140;
    %load/vec4 v0111e210_0;
    %nor/r;
    %flag_set/vec4 8;
    %jmp/0xz  T_1.0, 8;
    %pushi/vec4 0, 0, 32;
    %assign/vec4 v0111e1b8_0, 0;
    %jmp T_1.1;
T_1.0 ;
    %load/vec4 v0111e160_0;
    %assign/vec4 v0111e1b8_0, 0;
T_1.1 ;
    %jmp T_1;
    .thread T_1;
# The file index is used to find the file name in the following table.
:file_names 3;
    "N/A";
    "<interactive>";
    "register.v";
